
D:\wright\fable\svn\ImageD11\trunk\ImageD11>C:\Python24\python.exe C:\Python24\Lib\site-packages\pychecker\checker.py -# 9999 *.py       

Warnings...

C:\Python24\Lib\site-packages\ImageD11\grain.py:94: No global (UBI) found

C:\Python24\Lib\site-packages\Numeric\ArrayPrinter.py:25: No module attribute (output_line_width) found
C:\Python24\Lib\site-packages\Numeric\ArrayPrinter.py:30: No module attribute (float_output_precision) found
C:\Python24\Lib\site-packages\Numeric\ArrayPrinter.py:35: No module attribute (float_output_suppress_small) found
C:\Python24\Lib\site-packages\Numeric\ArrayPrinter.py:39: (type) shadows builtin

C:\Python24\Lib\site-packages\Numeric\Numeric.py:298: (type) shadows builtin
C:\Python24\Lib\site-packages\Numeric\Numeric.py:521: string.atoi is deprecated
C:\Python24\Lib\site-packages\Numeric\Numeric.py:522: string.atoi is deprecated

C:\Python24\Lib\site-packages\matplotlib\backends\backend_agg.py:397: Statement appears to have no effect

C:\Python24\Lib\site-packages\matplotlib\backends\backend_tkagg.py:134: Overridden method (resize) doesn't match signature in class (matplotlib.backends.backend_agg.FigureCanvasAgg)
C:\Python24\Lib\site-packages\matplotlib\backends\backend_tkagg.py:153: Overridden method (draw) doesn't match signature in class (matplotlib.backend_bases.FigureCanvasBase)
C:\Python24\Lib\site-packages\matplotlib\backends\backend_tkagg.py:164: Overridden method (draw_idle) doesn't match signature in class (matplotlib.backends.backend_agg.FigureCanvasAgg)
C:\Python24\Lib\site-packages\matplotlib\backends\backend_tkagg.py:168: Parameter (args) not used
C:\Python24\Lib\site-packages\matplotlib\backends\backend_tkagg.py:190: Overridden method (motion_notify_event) doesn't match signature in class (matplotlib.backends.backend_agg.FigureCanvasAgg)
C:\Python24\Lib\site-packages\matplotlib\backends\backend_tkagg.py:196: Overridden method (button_press_event) doesn't match signature in class (matplotlib.backends.backend_agg.FigureCanvasAgg)
C:\Python24\Lib\site-packages\matplotlib\backends\backend_tkagg.py:210: Overridden method (button_release_event) doesn't match signature in class (matplotlib.backends.backend_agg.FigureCanvasAgg)

C:\Python24\Lib\site-packages\matplotlib\figure.py:178: Parameter (args) not used
C:\Python24\Lib\site-packages\matplotlib\figure.py:178: Parameter (kwargs) not used
C:\Python24\Lib\site-packages\matplotlib\figure.py:382: Local variable (keys) not used
C:\Python24\Lib\site-packages\matplotlib\figure.py:535: Overridden method (draw) doesn't match signature in class (matplotlib.artist.Artist)
C:\Python24\Lib\site-packages\matplotlib\figure.py:739: Local variable (orientation) not used

C:\Python24\lib\pickle.py:306: (reduce) shadows builtin
C:\Python24\lib\pickle.py:311: (reduce) shadows builtin
C:\Python24\lib\pickle.py:315: (reduce) shadows builtin
C:\Python24\lib\pickle.py:440: Parameter (obj) not used
C:\Python24\lib\pickle.py:602: Parameter (obj) not used
C:\Python24\lib\pickle.py:636: Local variable (i) not used
C:\Python24\lib\pickle.py:684: Local variable (i) not used
C:\Python24\lib\pickle.py:746: Local variable (memo) not used
C:\Python24\lib\pickle.py:905: No class attribute (persistent_load) found
C:\Python24\lib\pickle.py:910: No class attribute (persistent_load) found
C:\Python24\lib\pickle.py:977: Iterating over a string ("')
C:\Python24\lib\pickle.py:989: (len) shadows builtin
C:\Python24\lib\pickle.py:998: (len) shadows builtin
C:\Python24\lib\pickle.py:1003: (len) shadows builtin
C:\Python24\lib\pickle.py:1201: (list) shadows builtin
C:\Python24\lib\pickle.py:1208: (list) shadows builtin
C:\Python24\lib\pickle.py:1217: (dict) shadows builtin
C:\Python24\lib\pickle.py:1224: (dict) shadows builtin
C:\Python24\lib\pickle.py:1385: (file) shadows builtin
C:\Python24\lib\pickle.py:1393: (file) shadows builtin

GE_script.py:24: Function (__init__) has too many lines (462)

__init__.py:23: Variable (__author_email__) not used

bisplev.py:84: Function (bisplrep) has too many arguments (19)
bisplev.py:152: No global (_curfit_cache) found
bisplev.py:165: Using integer division (m / 2) may return integer or float
bisplev.py:166: Using integer division (m / 2) may return integer or float
bisplev.py:176: Local variable (iwrk) not used
bisplev.py:183: No global (_fitpack) found
bisplev.py:191: No global (_iermess2) found
bisplev.py:211: Function return types are inconsistent

blobcorrector.py:82: No global (pixel_lut) found
blobcorrector.py:271: No global (readfit2dspline) found

grain.py:94: No global (UBI) found

guifactors.py:24: Imported module (math) not used
guifactors.py:24: Imported module (time) not used
guifactors.py:37: No class attribute (loadsvd) found
guifactors.py:37: No class attribute (plotsurf) found
guifactors.py:37: No class attribute (readobsdata) found
guifactors.py:37: No class attribute (savesvd) found
guifactors.py:61: No global (i) found
guifactors.py:61: No global (twodplot) found

guiindexer.py:56: Local variable (plot3d) not used

guimaker.py:14: Imported module (sys) not used
guimaker.py:19: Base class (Tkinter.Frame) __init__() not called
guimaker.py:24: No class attribute (start) found
guimaker.py:25: No class attribute (makeWidgets) found

guitransformer.py:23: Imported module (time) not used
guitransformer.py:220: (iter) shadows builtin
guitransformer.py:230: (iter) shadows builtin

hist.py:46: Using import and from ... import for (Numeric)
hist.py:47: Module (_hist) re-imported
hist.py:79: No global (plot) found
hist.py:81: No global (show) found

indexing.py:176: Function (__init__) has too many arguments (13)
indexing.py:235: Local variable (e) shadows global defined on line 0 in file <unknown>
indexing.py:237: Local variable (e) shadows global defined on line 0 in file <unknown>
indexing.py:594: Local variable (e) shadows global defined on line 0 in file <unknown>
indexing.py:597: Local variable (e) shadows global defined on line 0 in file <unknown>
indexing.py:599: Local variable (e) shadows global defined on line 0 in file <unknown>
indexing.py:659: No global (n) found
indexing.py:659: No global (t0) found
indexing.py:689: Local variable (scoreb4) not used
indexing.py:692: Local variable (fitb4) not used
indexing.py:696: Local variable (drlv2_old) not used

license.py:1: (license) shadows builtin

listdialog.py:19: Base class (Tkinter.Toplevel) __init__() not called
listdialog.py:20: No class attribute (Toplevel) found
listdialog.py:26: No class attribute (Frame) found
listdialog.py:48: No class attribute (Label) found
listdialog.py:49: No class attribute (Entry) found
listdialog.py:50: No class attribute (END) found
listdialog.py:59: No class attribute (Frame) found
listdialog.py:60: No class attribute (ACTIVE) found
listdialog.py:60: No class attribute (Button) found
listdialog.py:61: No class attribute (LEFT) found
listdialog.py:62: No class attribute (Button) found
listdialog.py:63: No class attribute (LEFT) found
listdialog.py:69: Parameter (event) not used
listdialog.py:78: Parameter (event) not used

opendata.py:58: Local variable (parts) not used
opendata.py:130: (len) shadows builtin
opendata.py:153: No module attribute (byteswapped) found
opendata.py:224: Local variable (opened) not used
opendata.py:239: Local variable (size) not used
opendata.py:246: Local variable (i) not used
opendata.py:251: Using integer division (position / rows) may return integer or float
opendata.py:282: Local variable (i) not used
opendata.py:390: Local variable (d) not used
opendata.py:456: Format string argument count (24) doesn't match arguments (9)

peakmerge.py:402: Raising string exceptions are deprecated (Problem here - lost something)
peakmerge.py:507: No global (parent) found
peakmerge.py:524: Local variable (imagenumber) not used
peakmerge.py:527: Local variable (threshold) not used
peakmerge.py:530: Local variable (omega) not used
peakmerge.py:548: No global (array) found
peakmerge.py:562: Module (sys) re-imported
peakmerge.py:562: Module (time) re-imported
peakmerge.py:566: (object) shadows builtin

plot3d.py:28: Module (sys) re-imported
plot3d.py:32: Base class (Tkinter.Toplevel) __init__() not called
plot3d.py:32: Parameter (lines) not used
plot3d.py:134: Using a tuple instead of slice as list accessor for (pk)
plot3d.py:205: Parameter (o) not used

refinegrains.py:22: Imported module (indexing) not used
refinegrains.py:111: Local variable (gr) not used
refinegrains.py:228: No class attribute (varylist) found
refinegrains.py:229: No class attribute (varylist) found
refinegrains.py:238: No class attribute (varylist) found
refinegrains.py:239: No class attribute (varylist) found
refinegrains.py:253: No class attribute (varylist) found
refinegrains.py:270: (iter) shadows builtin
refinegrains.py:289: Local variable (ind) not used

simplex.py:107: (iter) shadows builtin
simplex.py:109: (iter) shadows builtin
simplex.py:279: (iter) shadows builtin

transform.py:48: Function (compute_tth_eta) has too many arguments (13)
transform.py:48: Parameter (kwds) not used
transform.py:164: Local variable (scattering_vectors) not used
transform.py:234: Parameter (chi) not used
transform.py:434: Local variable (e) shadows global defined on line 0 in file <unknown>
transform.py:435: Local variable (e) shadows global defined on line 0 in file <unknown>
transform.py:439: Parameter (omega) not used
transform.py:492: Parameter (args) not used
transform.py:509: Local variable (n) not used

twodplot.py:35: Imported module (time) not used
twodplot.py:44: Base class (Tkinter.Frame) __init__() not called
twodplot.py:129: Parameter (e) not used
twodplot.py:138: Parameter (e) not used
twodplot.py:201: Local variable (ret) not used
twodplot.py:232: Parameter (event) not used
twodplot.py:298: No global (Numeric) found

ubitool.py:84: No global (Float) found

unitcell.py:63: Parameter (h) not used
unitcell.py:66: Parameter (k) not used
unitcell.py:69: Parameter (l) not used

write_graindex_gv.py:42: Local variable (ds) not used
